<?xml version="1.0" encoding="UTF-8" ?>
<testsuite tests="4" failures="0" name="com.javasm.mybatis.UserTest" time="0.617" errors="0" skipped="0">
  <properties>
[...]
</properties>
  <testcase classname="com.javasm.mybatis.UserTest" name="insertUserFindAutoId" time="0.479"/>
  <testcase classname="com.javasm.mybatis.UserTest" name="tableNameInsert" time="0.05"/>
  <testcase classname="com.javasm.mybatis.UserTest" name="userLikeSelect" time="0.066"/>
  <testcase classname="com.javasm.mybatis.UserTest" name="userDelete" time="0.022"/>
</testsuite>